src/app/(dashboard)/attendance/actions.ts(42,10): error TS2769: No overload matches this call.
  Overload 1 of 2, '(values: never, options?: { count?: "exact" | "planned" | "estimated" | undefined; } | undefined): PostgrestFilterBuilder<{ PostgrestVersion: "12"; }, never, never, null, "attendances", never, "POST">', gave the following error.
    Argument of type '{ organization_id: any; employee_id: string; date: string; check_in: string; status: string; notes: string | null; check_in_location: LocationData | null; }' is not assignable to parameter of type 'never'.
  Overload 2 of 2, '(values: never[], options?: { count?: "exact" | "planned" | "estimated" | undefined; defaultToNull?: boolean | undefined; } | undefined): PostgrestFilterBuilder<{ PostgrestVersion: "12"; }, never, never, null, "attendances", never, "POST">', gave the following error.
    Object literal may only specify known properties, and 'organization_id' does not exist in type 'never[]'.
src/app/(dashboard)/attendance/actions.ts(43,39): error TS2339: Property 'organization_id' does not exist on type 'never'.
src/app/(dashboard)/attendance/actions.ts(80,46): error TS2339: Property 'check_in' does not exist on type 'never'.
src/app/(dashboard)/attendance/actions.ts(96,31): error TS2339: Property 'id' does not exist on type 'never'.
src/app/(dashboard)/attendance/actions.ts(99,36): error TS2339: Property 'notes' does not exist on type 'never'.
src/app/(dashboard)/attendance/actions.ts(106,17): error TS2345: Argument of type '{ check_out: string; working_hours: number; notes: any; check_out_location: LocationData | null; }' is not assignable to parameter of type 'never'.
src/app/(dashboard)/attendance/actions.ts(112,31): error TS2339: Property 'id' does not exist on type 'never'.
src/app/(dashboard)/attendance/page.tsx(40,41): error TS2339: Property 'id' does not exist on type 'never'.
src/app/(dashboard)/attendance/page.tsx(48,41): error TS2339: Property 'id' does not exist on type 'never'.
src/app/(dashboard)/attendance/page.tsx(66,38): error TS2339: Property 'id' does not exist on type 'never'.
src/app/(dashboard)/dashboard/page.tsx(27,37): error TS2339: Property 'organization_id' does not exist on type 'never'.
src/app/(dashboard)/departments/actions.ts(28,56): error TS2339: Property 'role' does not exist on type 'never'.
src/app/(dashboard)/departments/actions.ts(30,49): error TS2339: Property 'organization_id' does not exist on type 'never'.
src/app/(dashboard)/departments/actions.ts(41,14): error TS2769: No overload matches this call.
  Overload 1 of 2, '(values: never, options?: { count?: "exact" | "planned" | "estimated" | undefined; } | undefined): PostgrestFilterBuilder<{ PostgrestVersion: "12"; }, never, never, null, "departments", never, "POST">', gave the following error.
    Argument of type '{ organization_id: any; name: string; description: string | undefined; is_active: boolean; }' is not assignable to parameter of type 'never'.
  Overload 2 of 2, '(values: never[], options?: { count?: "exact" | "planned" | "estimated" | undefined; defaultToNull?: boolean | undefined; } | undefined): PostgrestFilterBuilder<{ PostgrestVersion: "12"; }, never, never, null, "departments", never, "POST">', gave the following error.
    Object literal may only specify known properties, and 'organization_id' does not exist in type 'never[]'.
src/app/(dashboard)/departments/actions.ts(64,21): error TS2345: Argument of type '{ name: string; description: string | undefined; is_active: boolean; updated_at: string; }' is not assignable to parameter of type 'never'.
src/app/(dashboard)/departments/page.tsx(22,41): error TS2339: Property 'organization_id' does not exist on type 'never'.
src/app/(dashboard)/designations/actions.ts(30,56): error TS2339: Property 'role' does not exist on type 'never'.
src/app/(dashboard)/designations/actions.ts(32,49): error TS2339: Property 'organization_id' does not exist on type 'never'.
src/app/(dashboard)/designations/actions.ts(43,14): error TS2769: No overload matches this call.
  Overload 1 of 2, '(values: never, options?: { count?: "exact" | "planned" | "estimated" | undefined; } | undefined): PostgrestFilterBuilder<{ PostgrestVersion: "12"; }, never, never, null, "designations", never, "POST">', gave the following error.
    Argument of type '{ organization_id: any; name: string; description: string | undefined; level: number; department_id: string | null; is_active: boolean; }' is not assignable to parameter of type 'never'.
  Overload 2 of 2, '(values: never[], options?: { count?: "exact" | "planned" | "estimated" | undefined; defaultToNull?: boolean | undefined; } | undefined): PostgrestFilterBuilder<{ PostgrestVersion: "12"; }, never, never, null, "designations", never, "POST">', gave the following error.
    Object literal may only specify known properties, and 'organization_id' does not exist in type 'never[]'.
src/app/(dashboard)/designations/actions.ts(68,21): error TS2345: Argument of type '{ name: string; description: string | undefined; level: number; department_id: string | null; is_active: boolean; updated_at: string; }' is not assignable to parameter of type 'never'.
src/app/(dashboard)/designations/page.tsx(22,41): error TS2339: Property 'organization_id' does not exist on type 'never'.
src/app/(dashboard)/designations/page.tsx(28,41): error TS2339: Property 'organization_id' does not exist on type 'never'.
src/app/(dashboard)/employees/[id]/edit/page.tsx(39,67): error TS2339: Property 'role' does not exist on type 'never'.
src/app/(dashboard)/employees/[id]/edit/page.tsx(44,37): error TS2339: Property 'organization_id' does not exist on type 'never'.
src/app/(dashboard)/employees/actions.ts(32,41): error TS2339: Property 'organization_id' does not exist on type 'never'.
src/app/(dashboard)/employees/actions.ts(47,61): error TS2339: Property 'employee_id' does not exist on type 'never'.
src/app/(dashboard)/employees/actions.ts(79,21): error TS2769: No overload matches this call.
  Overload 1 of 2, '(values: never, options?: { count?: "exact" | "planned" | "estimated" | undefined; } | undefined): PostgrestFilterBuilder<{ PostgrestVersion: "12"; }, never, never, null, "employees", never, "POST">', gave the following error.
    Argument of type '{ id?: string | undefined; organization_id: string; user_id?: string | null | undefined; employee_id: string; first_name: string; last_name: string; email: string; phone: string; date_of_birth: string; ... 16 more ...; updated_at?: string | undefined; }' is not assignable to parameter of type 'never'.
  Overload 2 of 2, '(values: never[], options?: { count?: "exact" | "planned" | "estimated" | undefined; defaultToNull?: boolean | undefined; } | undefined): PostgrestFilterBuilder<{ PostgrestVersion: "12"; }, never, never, null, "employees", never, "POST">', gave the following error.
    Argument of type '{ id?: string | undefined; organization_id: string; user_id?: string | null | undefined; employee_id: string; first_name: string; last_name: string; email: string; phone: string; date_of_birth: string; ... 16 more ...; updated_at?: string | undefined; }' is not assignable to parameter of type 'never[]'.
      Type '{ id?: string | undefined; organization_id: string; user_id?: string | null | undefined; employee_id: string; first_name: string; last_name: string; email: string; phone: string; date_of_birth: string; ... 16 more ...; updated_at?: string | undefined; }' is missing the following properties from type 'never[]': length, pop, push, concat, and 35 more.
src/app/(dashboard)/employees/actions.ts(115,42): error TS2339: Property 'id' does not exist on type 'never'.
src/app/(dashboard)/employees/actions.ts(116,42): error TS2339: Property 'id' does not exist on type 'never'.
src/app/(dashboard)/employees/actions.ts(118,38): error TS2339: Property 'default_days' does not exist on type 'never'.
src/app/(dashboard)/employees/actions.ts(121,38): error TS2339: Property 'default_days' does not exist on type 'never'.
src/app/(dashboard)/employees/actions.ts(126,25): error TS2769: No overload matches this call.
  Overload 1 of 2, '(values: never, options?: { count?: "exact" | "planned" | "estimated" | undefined; } | undefined): PostgrestFilterBuilder<{ PostgrestVersion: "12"; }, never, never, null, "leave_balances", never, "POST">', gave the following error.
    Argument of type '{ organization_id: any; employee_id: any; leave_type_id: any; year: number; allocated: any; used: number; pending: number; available: any; }[]' is not assignable to parameter of type 'never'.
  Overload 2 of 2, '(values: never[], options?: { count?: "exact" | "planned" | "estimated" | undefined; defaultToNull?: boolean | undefined; } | undefined): PostgrestFilterBuilder<{ PostgrestVersion: "12"; }, never, never, null, "leave_balances", never, "POST">', gave the following error.
    Argument of type '{ organization_id: any; employee_id: any; leave_type_id: any; year: number; allocated: any; used: number; pending: number; available: any; }[]' is not assignable to parameter of type 'never[]'.
      Type '{ organization_id: any; employee_id: any; leave_type_id: any; year: number; allocated: any; used: number; pending: number; available: any; }' is not assignable to type 'never'.
src/app/(dashboard)/employees/actions.ts(145,33): error TS2339: Property 'id' does not exist on type 'never'.
src/app/(dashboard)/employees/actions.ts(146,41): error TS2339: Property 'employee_id' does not exist on type 'never'.
src/app/(dashboard)/employees/actions.ts(147,38): error TS2339: Property 'first_name' does not exist on type 'never'.
src/app/(dashboard)/employees/actions.ts(147,64): error TS2339: Property 'last_name' does not exist on type 'never'.
src/app/(dashboard)/employees/actions.ts(183,71): error TS2339: Property 'role' does not exist on type 'never'.
src/app/(dashboard)/employees/actions.ts(188,41): error TS2339: Property 'organization_id' does not exist on type 'never'.
src/app/(dashboard)/employees/actions.ts(221,21): error TS2345: Argument of type '{ profile_image_url: string | null; first_name: string; last_name: string; email: string; phone: string; date_of_birth: string; gender: "MALE" | "FEMALE" | "OTHER"; blood_group: string | null; ... 10 more ...; updated_at: string; }' is not assignable to parameter of type 'never'.
src/app/(dashboard)/employees/actions.ts(268,22): error TS2339: Property 'role' does not exist on type 'never'.
src/app/(dashboard)/employees/actions.ts(272,41): error TS2339: Property 'organization_id' does not exist on type 'never'.
src/app/(dashboard)/employees/actions.ts(277,21): error TS2345: Argument of type '{ status: string; resignation_date: string; updated_at: string; }' is not assignable to parameter of type 'never'.
src/app/(dashboard)/employees/page.tsx(41,37): error TS2339: Property 'organization_id' does not exist on type 'never'.
src/app/(dashboard)/employees/page.tsx(102,77): error TS2339: Property 'role' does not exist on type 'never'.
src/app/(dashboard)/employees/page.tsx(162,51): error TS2339: Property 'id' does not exist on type 'never'.
src/app/(dashboard)/employees/page.tsx(163,93): error TS2339: Property 'employee_id' does not exist on type 'never'.
src/app/(dashboard)/employees/page.tsx(166,74): error TS2339: Property 'id' does not exist on type 'never'.
src/app/(dashboard)/employees/page.tsx(169,55): error TS2339: Property 'first_name' does not exist on type 'never'.
src/app/(dashboard)/employees/page.tsx(169,77): error TS2339: Property 'last_name' does not exist on type 'never'.
src/app/(dashboard)/employees/page.tsx(172,103): error TS2339: Property 'email' does not exist on type 'never'.
src/app/(dashboard)/employees/page.tsx(174,51): error TS2339: Property 'department' does not exist on type 'never'.
src/app/(dashboard)/employees/page.tsx(177,51): error TS2339: Property 'designation' does not exist on type 'never'.
src/app/(dashboard)/employees/page.tsx(181,142): error TS2339: Property 'status' does not exist on type 'never'.
src/app/(dashboard)/employees/page.tsx(183,60): error TS2339: Property 'status' does not exist on type 'never'.
src/app/(dashboard)/employees/page.tsx(185,64): error TS2339: Property 'status' does not exist on type 'never'.
src/app/(dashboard)/employees/page.tsx(190,55): error TS2339: Property 'status' does not exist on type 'never'.
src/app/(dashboard)/employees/page.tsx(195,66): error TS2339: Property 'id' does not exist on type 'never'.
src/app/(dashboard)/employees/page.tsx(196,64): error TS2339: Property 'role' does not exist on type 'never'.
src/app/(dashboard)/leaves/actions.ts(178,69): error TS2339: Property 'role' does not exist on type 'never'.
src/app/(dashboard)/leaves/actions.ts(198,17): error TS2345: Argument of type '{ name: string; date: string; type: "PUBLIC" | "RESTRICTED" | "COMPANY"; description: string | null; }' is not assignable to parameter of type 'never'.
src/app/(dashboard)/leaves/actions.ts(228,69): error TS2339: Property 'role' does not exist on type 'never'.
src/app/(dashboard)/leaves/actions.ts(264,69): error TS2339: Property 'role' does not exist on type 'never'.
src/app/(dashboard)/leaves/actions.ts(279,17): error TS2339: Property 'status' does not exist on type 'never'.
src/app/(dashboard)/leaves/actions.ts(292,17): error TS2345: Argument of type '{ status: string; }' is not assignable to parameter of type 'never'.
src/app/(dashboard)/leaves/actions.ts(305,17): error TS2339: Property 'status' does not exist on type 'never'.
src/app/(dashboard)/leaves/actions.ts(310,40): error TS2339: Property 'employee_id' does not exist on type 'never'.
src/app/(dashboard)/leaves/actions.ts(311,42): error TS2339: Property 'leave_type_id' does not exist on type 'never'.
src/app/(dashboard)/leaves/actions.ts(312,42): error TS2339: Property 'start_date' does not exist on type 'never'.
src/app/(dashboard)/leaves/actions.ts(318,25): error TS2345: Argument of type '{ used: any; }' is not assignable to parameter of type 'never'.
src/app/(dashboard)/leaves/actions.ts(319,35): error TS2339: Property 'used' does not exist on type 'never'.
src/app/(dashboard)/leaves/actions.ts(319,50): error TS2339: Property 'days' does not exist on type 'never'.
src/app/(dashboard)/leaves/actions.ts(321,35): error TS2339: Property 'id' does not exist on type 'never'.
src/app/(dashboard)/leaves/actions.ts(344,69): error TS2339: Property 'role' does not exist on type 'never'.
src/app/(dashboard)/leaves/actions.ts(351,17): error TS2345: Argument of type '{ status: string; }' is not assignable to parameter of type 'never'.
src/app/(dashboard)/leaves/page.tsx(49,41): error TS2339: Property 'id' does not exist on type 'never'.
src/app/(dashboard)/leaves/page.tsx(59,41): error TS2339: Property 'id' does not exist on type 'never'.
src/app/(dashboard)/leaves/page.tsx(66,45): error TS2339: Property 'organization_id' does not exist on type 'never'.
src/app/(dashboard)/leaves/page.tsx(73,45): error TS2339: Property 'organization_id' does not exist on type 'never'.
src/app/(dashboard)/leaves/page.tsx(79,55): error TS2339: Property 'role' does not exist on type 'never'.
src/app/(dashboard)/leaves/page.tsx(91,49): error TS2339: Property 'organization_id' does not exist on type 'never'.
src/app/(dashboard)/leaves/page.tsx(112,38): error TS2339: Property 'id' does not exist on type 'never'.
src/app/(dashboard)/leaves/page.tsx(113,32): error TS2339: Property 'role' does not exist on type 'never'.
src/app/(dashboard)/organization/actions.ts(38,56): error TS2339: Property 'role' does not exist on type 'never'.
src/app/(dashboard)/organization/actions.ts(45,57): error TS2339: Property 'errors' does not exist on type 'ZodError<{ name: string; email: string; phone?: string | undefined; address?: string | undefined; }>'.
src/app/(dashboard)/organization/actions.ts(51,17): error TS2345: Argument of type '{ name: string; email: string; phone: string | undefined; address: { full: string; } | null; updated_at: string; }' is not assignable to parameter of type 'never'.
src/app/(dashboard)/organization/actions.ts(58,28): error TS2339: Property 'organization_id' does not exist on type 'never'.
src/app/(dashboard)/organization/page.tsx(23,28): error TS2339: Property 'organization_id' does not exist on type 'never'.
src/app/(dashboard)/organization/page.tsx(40,48): error TS2339: Property 'name' does not exist on type 'never'.
src/app/(dashboard)/organization/page.tsx(41,49): error TS2339: Property 'email' does not exist on type 'never'.
src/app/(dashboard)/organization/page.tsx(42,49): error TS2339: Property 'phone' does not exist on type 'never'.
src/app/(dashboard)/organization/page.tsx(43,51): error TS2339: Property 'address' does not exist on type 'never'.
src/app/(dashboard)/organization/page.tsx(44,48): error TS2339: Property 'slug' does not exist on type 'never'.
src/app/(dashboard)/organization/page.tsx(46,84): error TS2339: Property 'role' does not exist on type 'never'.
src/app/(dashboard)/payroll/employees/actions.ts(28,14): error TS2769: No overload matches this call.
  Overload 1 of 2, '(values: never, options?: { onConflict?: string | undefined; ignoreDuplicates?: boolean | undefined; count?: "exact" | "planned" | "estimated" | undefined; } | undefined): PostgrestFilterBuilder<{ ...; }, ... 5 more ..., "POST">', gave the following error.
    Argument of type '{ organization_id: any; employee_id: string; salary_structure_id: string | null; base_salary: number; payment_method: string; }' is not assignable to parameter of type 'never'.
  Overload 2 of 2, '(values: never[], options?: { onConflict?: string | undefined; ignoreDuplicates?: boolean | undefined; count?: "exact" | "planned" | "estimated" | undefined; defaultToNull?: boolean | undefined; } | undefined): PostgrestFilterBuilder<...>', gave the following error.
    Object literal may only specify known properties, and 'organization_id' does not exist in type 'never[]'.
src/app/(dashboard)/payroll/employees/actions.ts(29,43): error TS2339: Property 'organization_id' does not exist on type 'never'.
src/app/(dashboard)/payroll/run/actions.ts(29,45): error TS2339: Property 'organization_id' does not exist on type 'never'.
src/app/(dashboard)/payroll/run/actions.ts(74,43): error TS2339: Property 'organization_id' does not exist on type 'never'.
src/app/(dashboard)/payroll/run/actions.ts(98,21): error TS2769: No overload matches this call.
  Overload 1 of 2, '(values: never, options?: { onConflict?: string | undefined; ignoreDuplicates?: boolean | undefined; count?: "exact" | "planned" | "estimated" | undefined; } | undefined): PostgrestFilterBuilder<{ ...; }, ... 5 more ..., "POST">', gave the following error.
    Argument of type 'any[]' is not assignable to parameter of type 'never'.
  Overload 2 of 2, '(values: never[], options?: { onConflict?: string | undefined; ignoreDuplicates?: boolean | undefined; count?: "exact" | "planned" | "estimated" | undefined; defaultToNull?: boolean | undefined; } | undefined): PostgrestFilterBuilder<...>', gave the following error.
    Argument of type 'any[]' is not assignable to parameter of type 'never[]'.
      Type 'any' is not assignable to type 'never'.
src/app/(dashboard)/payroll/run/actions.ts(134,21): error TS2345: Argument of type '{ status: string; }' is not assignable to parameter of type 'never'.
src/app/(dashboard)/payroll/run/actions.ts(135,36): error TS18047: 'userData' is possibly 'null'.
src/app/(dashboard)/payroll/run/page.tsx(17,69): error TS2339: Property 'role' does not exist on type 'never'.
src/app/(dashboard)/payroll/structures/actions.ts(49,40): error TS2339: Property 'errors' does not exist on type 'ZodError<{ name: string; components: { earnings: { name: string; type: "earning" | "deduction"; amount_type: "percentage" | "fixed"; value: number; is_taxable: boolean; }[]; deductions: { name: string; type: "earning" | "deduction"; amount_type: "percentage" | "fixed"; value: number; is_taxable: boolean; }[]; }; des...'.
src/app/(dashboard)/payroll/structures/actions.ts(55,14): error TS2769: No overload matches this call.
  Overload 1 of 2, '(values: never, options?: { count?: "exact" | "planned" | "estimated" | undefined; } | undefined): PostgrestFilterBuilder<{ PostgrestVersion: "12"; }, never, never, null, "salary_structures", never, "POST">', gave the following error.
    Argument of type '{ organization_id: any; name: string; description: string | undefined; components: { earnings: { name: string; type: "earning" | "deduction"; amount_type: "percentage" | "fixed"; value: number; is_taxable: boolean; }[]; deductions: { name: string; type: "earning" | "deduction"; amount_type: "percentage" | "fixed"; v...' is not assignable to parameter of type 'never'.
  Overload 2 of 2, '(values: never[], options?: { count?: "exact" | "planned" | "estimated" | undefined; defaultToNull?: boolean | undefined; } | undefined): PostgrestFilterBuilder<{ PostgrestVersion: "12"; }, never, never, null, "salary_structures", never, "POST">', gave the following error.
    Object literal may only specify known properties, and 'organization_id' does not exist in type 'never[]'.
src/app/(dashboard)/payroll/structures/actions.ts(56,43): error TS2339: Property 'organization_id' does not exist on type 'never'.
src/app/(dashboard)/payroll/structures/actions.ts(100,40): error TS2339: Property 'errors' does not exist on type 'ZodError<{ name: string; components: { earnings: { name: string; type: "earning" | "deduction"; amount_type: "percentage" | "fixed"; value: number; is_taxable: boolean; }[]; deductions: { name: string; type: "earning" | "deduction"; amount_type: "percentage" | "fixed"; value: number; is_taxable: boolean; }[]; }; des...'.
src/app/(dashboard)/payroll/structures/actions.ts(106,21): error TS2345: Argument of type '{ name: string; description: string | undefined; components: { earnings: { name: string; type: "earning" | "deduction"; amount_type: "percentage" | "fixed"; value: number; is_taxable: boolean; }[]; deductions: { name: string; type: "earning" | "deduction"; amount_type: "percentage" | "fixed"; value: number; is_taxab...' is not assignable to parameter of type 'never'.
src/app/(dashboard)/payroll/structures/actions.ts(112,45): error TS2339: Property 'organization_id' does not exist on type 'never'.
src/app/(dashboard)/payroll/structures/actions.ts(141,73): error TS2339: Property 'role' does not exist on type 'never'.
src/app/(dashboard)/payroll/structures/actions.ts(159,45): error TS2339: Property 'organization_id' does not exist on type 'never'.
src/app/(dashboard)/payroll/structures/page.tsx(20,69): error TS2339: Property 'role' does not exist on type 'never'.
src/app/(dashboard)/payroll/structures/page.tsx(27,41): error TS2339: Property 'organization_id' does not exist on type 'never'.
src/app/(dashboard)/profile/actions.ts(45,21): error TS2345: Argument of type '{ first_name: string; last_name: string; phone: string; profile_image_url: string | null | undefined; current_address: { full: string | undefined; }; permanent_address: { full: string | undefined; }; }' is not assignable to parameter of type 'never'.
src/app/(dashboard)/settings/actions.ts(5,10): error TS2724: '"@/components/settings/organization-form"' has no exported member named 'OrganizationFormValues'. Did you mean 'OrganizationForm'?
src/app/(dashboard)/settings/actions.ts(29,28): error TS2339: Property 'organization_id' does not exist on type 'never'.
src/app/(dashboard)/settings/actions.ts(55,35): error TS2339: Property 'role' does not exist on type 'never'.
src/app/(dashboard)/settings/actions.ts(62,21): error TS2345: Argument of type '{ name: any; email: any; phone: any; address: any; }' is not assignable to parameter of type 'never'.
src/app/(dashboard)/settings/actions.ts(68,33): error TS2339: Property 'organization_id' does not exist on type 'never'.
src/components/leaves/holiday-dialog.tsx(52,33): error TS2769: No overload matches this call.
  Overload 1 of 2, '(action: (state: { success: boolean; error: string; message?: undefined; } | { success: boolean; message: string; error?: undefined; }) => { success: boolean; error: string; message?: undefined; } | { success: boolean; message: string; error?: undefined; } | Promise<...>, initialState: { ...; } | { ...; }, permalink?: string | undefined): [state: ...]', gave the following error.
    Argument of type '(prevState: any, formData: FormData) => Promise<{ success: boolean; error: string; message?: undefined; } | { success: boolean; message: string; error?: undefined; }>' is not assignable to parameter of type '(state: { success: boolean; error: string; message?: undefined; } | { success: boolean; message: string; error?: undefined; }) => { success: boolean; error: string; message?: undefined; } | { success: boolean; message: string; error?: undefined; } | Promise<...>'.
      Target signature provides too few arguments. Expected 2 or more, but got 1.
  Overload 2 of 2, '(action: (state: { success: boolean; error: string; message?: undefined; } | { success: boolean; message: string; error?: undefined; }, payload: FormData) => { success: boolean; error: string; message?: undefined; } | { ...; } | Promise<...>, initialState: { ...; } | { ...; }, permalink?: string | undefined): [state: ...]', gave the following error.
    Argument of type '{ success: boolean; error: string; message: string; }' is not assignable to parameter of type '{ success: boolean; error: string; message?: undefined; } | { success: boolean; message: string; error?: undefined; }'.
      Type '{ success: boolean; error: string; message: string; }' is not assignable to type '{ success: boolean; error: string; message?: undefined; }'.
        Types of property 'message' are incompatible.
          Type 'string' is not assignable to type 'undefined'.
src/components/leaves/leave-application-form.tsx(42,33): error TS2769: No overload matches this call.
  Overload 1 of 2, '(action: (state: { success: boolean; error: any; message?: undefined; } | { success: boolean; message: string; error?: undefined; }) => { success: boolean; error: any; message?: undefined; } | { success: boolean; message: string; error?: undefined; } | Promise<...>, initialState: { ...; } | { ...; }, permalink?: string | undefined): [state: ...]', gave the following error.
    Argument of type '(prevState: any, formData: FormData) => Promise<{ success: boolean; error: any; message?: undefined; } | { success: boolean; message: string; error?: undefined; }>' is not assignable to parameter of type '(state: { success: boolean; error: any; message?: undefined; } | { success: boolean; message: string; error?: undefined; }) => { success: boolean; error: any; message?: undefined; } | { success: boolean; message: string; error?: undefined; } | Promise<...>'.
      Target signature provides too few arguments. Expected 2 or more, but got 1.
  Overload 2 of 2, '(action: (state: { success: boolean; error: any; message?: undefined; } | { success: boolean; message: string; error?: undefined; }, payload: FormData) => { success: boolean; error: any; message?: undefined; } | { ...; } | Promise<...>, initialState: { ...; } | { ...; }, permalink?: string | undefined): [state: ...]', gave the following error.
    Argument of type '{ success: boolean; error: string; message: string; }' is not assignable to parameter of type '{ success: boolean; error: any; message?: undefined; } | { success: boolean; message: string; error?: undefined; }'.
      Type '{ success: boolean; error: string; message: string; }' is not assignable to type '{ success: boolean; error: any; message?: undefined; }'.
        Types of property 'message' are incompatible.
          Type 'string' is not assignable to type 'undefined'.
src/components/settings/department-form.tsx(46,9): error TS2322: Type 'Resolver<{ name: string; description?: string | undefined; isActive?: boolean | undefined; }, any, { name: string; isActive: boolean; description?: string | undefined; }>' is not assignable to type 'Resolver<{ name: string; isActive: boolean; description?: string | undefined; }, any, { name: string; isActive: boolean; description?: string | undefined; }>'.
  Types of parameters 'options' and 'options' are incompatible.
    Type 'ResolverOptions<{ name: string; isActive: boolean; description?: string | undefined; }>' is not assignable to type 'ResolverOptions<{ name: string; description?: string | undefined; isActive?: boolean | undefined; }>'.
      Type 'boolean | undefined' is not assignable to type 'boolean'.
        Type 'undefined' is not assignable to type 'boolean'.
src/components/settings/department-form.tsx(79,47): error TS2345: Argument of type '(data: { name: string; isActive: boolean; description?: string | undefined; }) => Promise<void>' is not assignable to parameter of type 'SubmitHandler<TFieldValues>'.
  Types of parameters 'data' and 'data' are incompatible.
    Type 'TFieldValues' is not assignable to type '{ name: string; isActive: boolean; description?: string | undefined; }'.
      Type 'FieldValues' is missing the following properties from type '{ name: string; isActive: boolean; description?: string | undefined; }': name, isActive
src/components/settings/department-form.tsx(81,21): error TS2322: Type 'Control<{ name: string; isActive: boolean; description?: string | undefined; }, any, TFieldValues>' is not assignable to type 'Control<{ name: string; isActive: boolean; description?: string | undefined; }, any, { name: string; isActive: boolean; description?: string | undefined; }>'.
  The types of '_options.resolver' are incompatible between these types.
    Type 'Resolver<{ name: string; isActive: boolean; description?: string | undefined; }, any, TFieldValues> | undefined' is not assignable to type 'Resolver<{ name: string; isActive: boolean; description?: string | undefined; }, any, { name: string; isActive: boolean; description?: string | undefined; }> | undefined'.
      Type 'Resolver<{ name: string; isActive: boolean; description?: string | undefined; }, any, TFieldValues>' is not assignable to type 'Resolver<{ name: string; isActive: boolean; description?: string | undefined; }, any, { name: string; isActive: boolean; description?: string | undefined; }>'.
        Type 'ResolverResult<{ name: string; isActive: boolean; description?: string | undefined; }, TFieldValues> | Promise<ResolverResult<{ name: string; isActive: boolean; description?: string | undefined; }, TFieldValues>>' is not assignable to type 'ResolverResult<{ name: string; isActive: boolean; description?: string | undefined; }, { name: string; isActive: boolean; description?: string | undefined; }> | Promise<ResolverResult<{ ...; }, { ...; }>>'.
          Type 'ResolverSuccess<TFieldValues>' is not assignable to type 'ResolverResult<{ name: string; isActive: boolean; description?: string | undefined; }, { name: string; isActive: boolean; description?: string | undefined; }> | Promise<ResolverResult<{ ...; }, { ...; }>>'.
            Type 'ResolverSuccess<TFieldValues>' is not assignable to type 'ResolverSuccess<{ name: string; isActive: boolean; description?: string | undefined; }>'.
              Type 'TFieldValues' is not assignable to type '{ name: string; isActive: boolean; description?: string | undefined; }'.
                Type 'FieldValues' is missing the following properties from type '{ name: string; isActive: boolean; description?: string | undefined; }': name, isActive
src/components/settings/department-form.tsx(95,21): error TS2322: Type 'Control<{ name: string; isActive: boolean; description?: string | undefined; }, any, TFieldValues>' is not assignable to type 'Control<{ name: string; isActive: boolean; description?: string | undefined; }, any, { name: string; isActive: boolean; description?: string | undefined; }>'.
  The types of '_options.resolver' are incompatible between these types.
    Type 'Resolver<{ name: string; isActive: boolean; description?: string | undefined; }, any, TFieldValues> | undefined' is not assignable to type 'Resolver<{ name: string; isActive: boolean; description?: string | undefined; }, any, { name: string; isActive: boolean; description?: string | undefined; }> | undefined'.
      Type 'Resolver<{ name: string; isActive: boolean; description?: string | undefined; }, any, TFieldValues>' is not assignable to type 'Resolver<{ name: string; isActive: boolean; description?: string | undefined; }, any, { name: string; isActive: boolean; description?: string | undefined; }>'.
        Type 'ResolverResult<{ name: string; isActive: boolean; description?: string | undefined; }, TFieldValues> | Promise<ResolverResult<{ name: string; isActive: boolean; description?: string | undefined; }, TFieldValues>>' is not assignable to type 'ResolverResult<{ name: string; isActive: boolean; description?: string | undefined; }, { name: string; isActive: boolean; description?: string | undefined; }> | Promise<ResolverResult<{ ...; }, { ...; }>>'.
          Type 'ResolverSuccess<TFieldValues>' is not assignable to type 'ResolverResult<{ name: string; isActive: boolean; description?: string | undefined; }, { name: string; isActive: boolean; description?: string | undefined; }> | Promise<ResolverResult<{ ...; }, { ...; }>>'.
            Type 'ResolverSuccess<TFieldValues>' is not assignable to type 'ResolverSuccess<{ name: string; isActive: boolean; description?: string | undefined; }>'.
              Type 'TFieldValues' is not assignable to type '{ name: string; isActive: boolean; description?: string | undefined; }'.
                Type 'FieldValues' is missing the following properties from type '{ name: string; isActive: boolean; description?: string | undefined; }': name, isActive
src/components/settings/department-form.tsx(109,21): error TS2322: Type 'Control<{ name: string; isActive: boolean; description?: string | undefined; }, any, TFieldValues>' is not assignable to type 'Control<{ name: string; isActive: boolean; description?: string | undefined; }, any, { name: string; isActive: boolean; description?: string | undefined; }>'.
  The types of '_options.resolver' are incompatible between these types.
    Type 'Resolver<{ name: string; isActive: boolean; description?: string | undefined; }, any, TFieldValues> | undefined' is not assignable to type 'Resolver<{ name: string; isActive: boolean; description?: string | undefined; }, any, { name: string; isActive: boolean; description?: string | undefined; }> | undefined'.
      Type 'Resolver<{ name: string; isActive: boolean; description?: string | undefined; }, any, TFieldValues>' is not assignable to type 'Resolver<{ name: string; isActive: boolean; description?: string | undefined; }, any, { name: string; isActive: boolean; description?: string | undefined; }>'.
        Type 'ResolverResult<{ name: string; isActive: boolean; description?: string | undefined; }, TFieldValues> | Promise<ResolverResult<{ name: string; isActive: boolean; description?: string | undefined; }, TFieldValues>>' is not assignable to type 'ResolverResult<{ name: string; isActive: boolean; description?: string | undefined; }, { name: string; isActive: boolean; description?: string | undefined; }> | Promise<ResolverResult<{ ...; }, { ...; }>>'.
          Type 'ResolverSuccess<TFieldValues>' is not assignable to type 'ResolverResult<{ name: string; isActive: boolean; description?: string | undefined; }, { name: string; isActive: boolean; description?: string | undefined; }> | Promise<ResolverResult<{ ...; }, { ...; }>>'.
            Type 'ResolverSuccess<TFieldValues>' is not assignable to type 'ResolverSuccess<{ name: string; isActive: boolean; description?: string | undefined; }>'.
              Type 'TFieldValues' is not assignable to type '{ name: string; isActive: boolean; description?: string | undefined; }'.
                Type 'FieldValues' is missing the following properties from type '{ name: string; isActive: boolean; description?: string | undefined; }': name, isActive
src/components/settings/designation-form.tsx(61,9): error TS2322: Type 'Resolver<{ name: string; level: unknown; description?: string | undefined; departmentId?: string | undefined; isActive?: boolean | undefined; }, any, { name: string; level: number; isActive: boolean; description?: string | undefined; departmentId?: string | undefined; }>' is not assignable to type 'Resolver<{ name: string; level: number; isActive: boolean; description?: string | undefined; departmentId?: string | undefined; }, any, { name: string; level: number; isActive: boolean; description?: string | undefined; departmentId?: string | undefined; }>'.
  Types of parameters 'options' and 'options' are incompatible.
    Type 'ResolverOptions<{ name: string; level: number; isActive: boolean; description?: string | undefined; departmentId?: string | undefined; }>' is not assignable to type 'ResolverOptions<{ name: string; level: unknown; description?: string | undefined; departmentId?: string | undefined; isActive?: boolean | undefined; }>'.
      Type 'unknown' is not assignable to type 'number'.
src/components/settings/designation-form.tsx(96,47): error TS2345: Argument of type '(data: { name: string; level: number; isActive: boolean; description?: string | undefined; departmentId?: string | undefined; }) => Promise<void>' is not assignable to parameter of type 'SubmitHandler<TFieldValues>'.
  Types of parameters 'data' and 'data' are incompatible.
    Type 'TFieldValues' is not assignable to type '{ name: string; level: number; isActive: boolean; description?: string | undefined; departmentId?: string | undefined; }'.
      Type 'FieldValues' is missing the following properties from type '{ name: string; level: number; isActive: boolean; description?: string | undefined; departmentId?: string | undefined; }': name, level, isActive
src/components/settings/designation-form.tsx(100,29): error TS2322: Type 'Control<{ name: string; level: number; isActive: boolean; description?: string | undefined; departmentId?: string | undefined; }, any, TFieldValues>' is not assignable to type 'Control<{ name: string; level: number; isActive: boolean; description?: string | undefined; departmentId?: string | undefined; }, any, { name: string; level: number; isActive: boolean; description?: string | undefined; departmentId?: string | undefined; }>'.
  The types of '_options.resolver' are incompatible between these types.
    Type 'Resolver<{ name: string; level: number; isActive: boolean; description?: string | undefined; departmentId?: string | undefined; }, any, TFieldValues> | undefined' is not assignable to type 'Resolver<{ name: string; level: number; isActive: boolean; description?: string | undefined; departmentId?: string | undefined; }, any, { name: string; level: number; isActive: boolean; description?: string | undefined; departmentId?: string | undefined; }> | undefined'.
      Type 'Resolver<{ name: string; level: number; isActive: boolean; description?: string | undefined; departmentId?: string | undefined; }, any, TFieldValues>' is not assignable to type 'Resolver<{ name: string; level: number; isActive: boolean; description?: string | undefined; departmentId?: string | undefined; }, any, { name: string; level: number; isActive: boolean; description?: string | undefined; departmentId?: string | undefined; }>'.
        Type 'ResolverResult<{ name: string; level: number; isActive: boolean; description?: string | undefined; departmentId?: string | undefined; }, TFieldValues> | Promise<...>' is not assignable to type 'ResolverResult<{ name: string; level: number; isActive: boolean; description?: string | undefined; departmentId?: string | undefined; }, { name: string; level: number; isActive: boolean; description?: string | undefined; departmentId?: string | undefined; }> | Promise<...>'.
          Type 'ResolverSuccess<TFieldValues>' is not assignable to type 'ResolverResult<{ name: string; level: number; isActive: boolean; description?: string | undefined; departmentId?: string | undefined; }, { name: string; level: number; isActive: boolean; description?: string | undefined; departmentId?: string | undefined; }> | Promise<...>'.
            Type 'ResolverSuccess<TFieldValues>' is not assignable to type 'ResolverSuccess<{ name: string; level: number; isActive: boolean; description?: string | undefined; departmentId?: string | undefined; }>'.
              Type 'TFieldValues' is not assignable to type '{ name: string; level: number; isActive: boolean; description?: string | undefined; departmentId?: string | undefined; }'.
                Type 'FieldValues' is missing the following properties from type '{ name: string; level: number; isActive: boolean; description?: string | undefined; departmentId?: string | undefined; }': name, level, isActive
src/components/settings/designation-form.tsx(115,29): error TS2322: Type 'Control<{ name: string; level: number; isActive: boolean; description?: string | undefined; departmentId?: string | undefined; }, any, TFieldValues>' is not assignable to type 'Control<{ name: string; level: number; isActive: boolean; description?: string | undefined; departmentId?: string | undefined; }, any, { name: string; level: number; isActive: boolean; description?: string | undefined; departmentId?: string | undefined; }>'.
  The types of '_options.resolver' are incompatible between these types.
    Type 'Resolver<{ name: string; level: number; isActive: boolean; description?: string | undefined; departmentId?: string | undefined; }, any, TFieldValues> | undefined' is not assignable to type 'Resolver<{ name: string; level: number; isActive: boolean; description?: string | undefined; departmentId?: string | undefined; }, any, { name: string; level: number; isActive: boolean; description?: string | undefined; departmentId?: string | undefined; }> | undefined'.
      Type 'Resolver<{ name: string; level: number; isActive: boolean; description?: string | undefined; departmentId?: string | undefined; }, any, TFieldValues>' is not assignable to type 'Resolver<{ name: string; level: number; isActive: boolean; description?: string | undefined; departmentId?: string | undefined; }, any, { name: string; level: number; isActive: boolean; description?: string | undefined; departmentId?: string | undefined; }>'.
        Type 'ResolverResult<{ name: string; level: number; isActive: boolean; description?: string | undefined; departmentId?: string | undefined; }, TFieldValues> | Promise<...>' is not assignable to type 'ResolverResult<{ name: string; level: number; isActive: boolean; description?: string | undefined; departmentId?: string | undefined; }, { name: string; level: number; isActive: boolean; description?: string | undefined; departmentId?: string | undefined; }> | Promise<...>'.
          Type 'ResolverSuccess<TFieldValues>' is not assignable to type 'ResolverResult<{ name: string; level: number; isActive: boolean; description?: string | undefined; departmentId?: string | undefined; }, { name: string; level: number; isActive: boolean; description?: string | undefined; departmentId?: string | undefined; }> | Promise<...>'.
            Type 'ResolverSuccess<TFieldValues>' is not assignable to type 'ResolverSuccess<{ name: string; level: number; isActive: boolean; description?: string | undefined; departmentId?: string | undefined; }>'.
              Type 'TFieldValues' is not assignable to type '{ name: string; level: number; isActive: boolean; description?: string | undefined; departmentId?: string | undefined; }'.
                Type 'FieldValues' is missing the following properties from type '{ name: string; level: number; isActive: boolean; description?: string | undefined; departmentId?: string | undefined; }': name, level, isActive
src/components/settings/designation-form.tsx(131,21): error TS2322: Type 'Control<{ name: string; level: number; isActive: boolean; description?: string | undefined; departmentId?: string | undefined; }, any, TFieldValues>' is not assignable to type 'Control<{ name: string; level: number; isActive: boolean; description?: string | undefined; departmentId?: string | undefined; }, any, { name: string; level: number; isActive: boolean; description?: string | undefined; departmentId?: string | undefined; }>'.
  The types of '_options.resolver' are incompatible between these types.
    Type 'Resolver<{ name: string; level: number; isActive: boolean; description?: string | undefined; departmentId?: string | undefined; }, any, TFieldValues> | undefined' is not assignable to type 'Resolver<{ name: string; level: number; isActive: boolean; description?: string | undefined; departmentId?: string | undefined; }, any, { name: string; level: number; isActive: boolean; description?: string | undefined; departmentId?: string | undefined; }> | undefined'.
      Type 'Resolver<{ name: string; level: number; isActive: boolean; description?: string | undefined; departmentId?: string | undefined; }, any, TFieldValues>' is not assignable to type 'Resolver<{ name: string; level: number; isActive: boolean; description?: string | undefined; departmentId?: string | undefined; }, any, { name: string; level: number; isActive: boolean; description?: string | undefined; departmentId?: string | undefined; }>'.
        Type 'ResolverResult<{ name: string; level: number; isActive: boolean; description?: string | undefined; departmentId?: string | undefined; }, TFieldValues> | Promise<...>' is not assignable to type 'ResolverResult<{ name: string; level: number; isActive: boolean; description?: string | undefined; departmentId?: string | undefined; }, { name: string; level: number; isActive: boolean; description?: string | undefined; departmentId?: string | undefined; }> | Promise<...>'.
          Type 'ResolverSuccess<TFieldValues>' is not assignable to type 'ResolverResult<{ name: string; level: number; isActive: boolean; description?: string | undefined; departmentId?: string | undefined; }, { name: string; level: number; isActive: boolean; description?: string | undefined; departmentId?: string | undefined; }> | Promise<...>'.
            Type 'ResolverSuccess<TFieldValues>' is not assignable to type 'ResolverSuccess<{ name: string; level: number; isActive: boolean; description?: string | undefined; departmentId?: string | undefined; }>'.
              Type 'TFieldValues' is not assignable to type '{ name: string; level: number; isActive: boolean; description?: string | undefined; departmentId?: string | undefined; }'.
                Type 'FieldValues' is missing the following properties from type '{ name: string; level: number; isActive: boolean; description?: string | undefined; departmentId?: string | undefined; }': name, level, isActive
src/components/settings/designation-form.tsx(161,25): error TS2322: Type 'Control<{ name: string; level: number; isActive: boolean; description?: string | undefined; departmentId?: string | undefined; }, any, TFieldValues>' is not assignable to type 'Control<{ name: string; level: number; isActive: boolean; description?: string | undefined; departmentId?: string | undefined; }, any, { name: string; level: number; isActive: boolean; description?: string | undefined; departmentId?: string | undefined; }>'.
  The types of '_options.resolver' are incompatible between these types.
    Type 'Resolver<{ name: string; level: number; isActive: boolean; description?: string | undefined; departmentId?: string | undefined; }, any, TFieldValues> | undefined' is not assignable to type 'Resolver<{ name: string; level: number; isActive: boolean; description?: string | undefined; departmentId?: string | undefined; }, any, { name: string; level: number; isActive: boolean; description?: string | undefined; departmentId?: string | undefined; }> | undefined'.
      Type 'Resolver<{ name: string; level: number; isActive: boolean; description?: string | undefined; departmentId?: string | undefined; }, any, TFieldValues>' is not assignable to type 'Resolver<{ name: string; level: number; isActive: boolean; description?: string | undefined; departmentId?: string | undefined; }, any, { name: string; level: number; isActive: boolean; description?: string | undefined; departmentId?: string | undefined; }>'.
        Type 'ResolverResult<{ name: string; level: number; isActive: boolean; description?: string | undefined; departmentId?: string | undefined; }, TFieldValues> | Promise<...>' is not assignable to type 'ResolverResult<{ name: string; level: number; isActive: boolean; description?: string | undefined; departmentId?: string | undefined; }, { name: string; level: number; isActive: boolean; description?: string | undefined; departmentId?: string | undefined; }> | Promise<...>'.
          Type 'ResolverSuccess<TFieldValues>' is not assignable to type 'ResolverResult<{ name: string; level: number; isActive: boolean; description?: string | undefined; departmentId?: string | undefined; }, { name: string; level: number; isActive: boolean; description?: string | undefined; departmentId?: string | undefined; }> | Promise<...>'.
            Type 'ResolverSuccess<TFieldValues>' is not assignable to type 'ResolverSuccess<{ name: string; level: number; isActive: boolean; description?: string | undefined; departmentId?: string | undefined; }>'.
              Type 'TFieldValues' is not assignable to type '{ name: string; level: number; isActive: boolean; description?: string | undefined; departmentId?: string | undefined; }'.
                Type 'FieldValues' is missing the following properties from type '{ name: string; level: number; isActive: boolean; description?: string | undefined; departmentId?: string | undefined; }': name, level, isActive
src/components/settings/designation-form.tsx(177,21): error TS2322: Type 'Control<{ name: string; level: number; isActive: boolean; description?: string | undefined; departmentId?: string | undefined; }, any, TFieldValues>' is not assignable to type 'Control<{ name: string; level: number; isActive: boolean; description?: string | undefined; departmentId?: string | undefined; }, any, { name: string; level: number; isActive: boolean; description?: string | undefined; departmentId?: string | undefined; }>'.
  The types of '_options.resolver' are incompatible between these types.
    Type 'Resolver<{ name: string; level: number; isActive: boolean; description?: string | undefined; departmentId?: string | undefined; }, any, TFieldValues> | undefined' is not assignable to type 'Resolver<{ name: string; level: number; isActive: boolean; description?: string | undefined; departmentId?: string | undefined; }, any, { name: string; level: number; isActive: boolean; description?: string | undefined; departmentId?: string | undefined; }> | undefined'.
      Type 'Resolver<{ name: string; level: number; isActive: boolean; description?: string | undefined; departmentId?: string | undefined; }, any, TFieldValues>' is not assignable to type 'Resolver<{ name: string; level: number; isActive: boolean; description?: string | undefined; departmentId?: string | undefined; }, any, { name: string; level: number; isActive: boolean; description?: string | undefined; departmentId?: string | undefined; }>'.
        Type 'ResolverResult<{ name: string; level: number; isActive: boolean; description?: string | undefined; departmentId?: string | undefined; }, TFieldValues> | Promise<...>' is not assignable to type 'ResolverResult<{ name: string; level: number; isActive: boolean; description?: string | undefined; departmentId?: string | undefined; }, { name: string; level: number; isActive: boolean; description?: string | undefined; departmentId?: string | undefined; }> | Promise<...>'.
          Type 'ResolverSuccess<TFieldValues>' is not assignable to type 'ResolverResult<{ name: string; level: number; isActive: boolean; description?: string | undefined; departmentId?: string | undefined; }, { name: string; level: number; isActive: boolean; description?: string | undefined; departmentId?: string | undefined; }> | Promise<...>'.
            Type 'ResolverSuccess<TFieldValues>' is not assignable to type 'ResolverSuccess<{ name: string; level: number; isActive: boolean; description?: string | undefined; departmentId?: string | undefined; }>'.
              Type 'TFieldValues' is not assignable to type '{ name: string; level: number; isActive: boolean; description?: string | undefined; departmentId?: string | undefined; }'.
                Type 'FieldValues' is missing the following properties from type '{ name: string; level: number; isActive: boolean; description?: string | undefined; departmentId?: string | undefined; }': name, level, isActive
